<?xml version="1.0" encoding="UTF-8"?>
<!-- Generated by org.testng.reporters.JUnitXMLReporter -->
<testsuite ignored="0" hostname="Giri" failures="1" tests="3" name="Chrome Test" time="25.235" errors="0" timestamp="2024-08-28T12:15:36 IST">
  <testcase classname="parallelTesting.Params" name="testLogo" time="4.052"/>
  <testcase classname="parallelTesting.Params" name="testTitle" time="0.055">
    <failure type="java.lang.AssertionError" message="expected [OrangeHrm] but found [OrangeHRM]">
      <![CDATA[java.lang.AssertionError: expected [OrangeHrm] but found [OrangeHRM]
at parallelTesting.Params.testTitle(Params.java:42)
at java.base/java.util.ArrayList.forEach(ArrayList.java:1596)
at java.base/java.util.concurrent.FutureTask.run(FutureTask.java:317)
at java.base/java.util.concurrent.ThreadPoolExecutor.runWorker(ThreadPoolExecutor.java:1144)
at java.base/java.util.concurrent.ThreadPoolExecutor$Worker.run(ThreadPoolExecutor.java:642)
at java.base/java.lang.Thread.run(Thread.java:1583)
... Removed 21 stack frames]]>
    </failure>
  </testcase> <!-- testTitle -->
  <testcase classname="parallelTesting.Params" name="testUrl" time="0.001">
    <skipped/>
  </testcase> <!-- testUrl -->
</testsuite> <!-- Chrome Test -->
